# JRE version: OpenJDK Runtime Environment Temurin-17.0.2+8 (17.0.2+8) (build 17.0.2+8)
# Java VM: OpenJDK 64-Bit Server VM Temurin-17.0.2+8 (17.0.2+8, mixed mode, sharing, tiered, compressed oops, compressed class ptrs, g1 gc, windows-amd64)
GC Precious Log:
 CPUs: 8 total, 8 available
 Memory: 8078M
 Large Page Support: Disabled
 NUMA Support: Disabled
 Compressed Oops: Enabled (32-bit)
 Heap Region Size: 1M
 Heap Min Capacity: 8M
 Heap Initial Capacity: 128M
 Heap Max Capacity: 2020M
 Pre-touch: Disabled
 Parallel Workers: 8
 Concurrent Workers: 2
 Concurrent Refinement Workers: 8
 Periodic GC: Disabled
Heap:
 garbage-first heap   total 613376K, used 415141K [0x0000000081c00000, 0x0000000100000000)
  region size 1024K, 2 young (2048K), 2 survivors (2048K)
 Metaspace       used 2979K, committed 3136K, reserved 1056768K
  class space    used 281K, committed 384K, reserved 1048576K
GC Heap History (20 events):
Event: 2.894 GC heap before
{Heap before GC invocations=4 (full 0):
 garbage-first heap   total 131072K, used 44468K [0x0000000081c00000, 0x0000000100000000)
  region size 1024K, 2 young (2048K), 2 survivors (2048K)
 Metaspace       used 2979K, committed 3136K, reserved 1056768K
  class space    used 281K, committed 384K, reserved 1048576K
}
Event: 2.900 GC heap after
{Heap after GC invocations=5 (full 0):
 garbage-first heap   total 225280K, used 44476K [0x0000000081c00000, 0x0000000100000000)
  region size 1024K, 2 young (2048K), 2 survivors (2048K)
 Metaspace       used 2979K, committed 3136K, reserved 1056768K
  class space    used 281K, committed 384K, reserved 1048576K
}
Event: 2.932 GC heap before
{Heap before GC invocations=5 (full 0):
 garbage-first heap   total 225280K, used 65980K [0x0000000081c00000, 0x0000000100000000)
  region size 1024K, 3 young (3072K), 2 survivors (2048K)
 Metaspace       used 2979K, committed 3136K, reserved 1056768K
  class space    used 281K, committed 384K, reserved 1048576K
}
Event: 2.935 GC heap after
{Heap after GC invocations=6 (full 0):
 garbage-first heap   total 225280K, used 65905K [0x0000000081c00000, 0x0000000100000000)
  region size 1024K, 2 young (2048K), 2 survivors (2048K)
 Metaspace       used 2979K, committed 3136K, reserved 1056768K
  class space    used 281K, committed 384K, reserved 1048576K
}
Event: 3.095 GC heap before
{Heap before GC invocations=6 (full 0):
 garbage-first heap   total 225280K, used 107889K [0x0000000081c00000, 0x0000000100000000)
  region size 1024K, 3 young (3072K), 2 survivors (2048K)
 Metaspace       used 2979K, committed 3136K, reserved 1056768K
  class space    used 281K, committed 384K, reserved 1048576K
}
Event: 3.101 GC heap after
{Heap after GC invocations=7 (full 0):
 garbage-first heap   total 225280K, used 64985K [0x0000000081c00000, 0x0000000100000000)
  region size 1024K, 2 young (2048K), 2 survivors (2048K)
 Metaspace       used 2979K, committed 3136K, reserved 1056768K
  class space    used 281K, committed 384K, reserved 1048576K
}
Event: 3.193 GC heap before
{Heap before GC invocations=7 (full 0):
 garbage-first heap   total 225280K, used 106969K [0x0000000081c00000, 0x0000000100000000)
  region size 1024K, 3 young (3072K), 2 survivors (2048K)
 Metaspace       used 2979K, committed 3136K, reserved 1056768K
  class space    used 281K, committed 384K, reserved 1048576K
}
Event: 3.197 GC heap after
{Heap after GC invocations=8 (full 0):
 garbage-first heap   total 225280K, used 43481K [0x0000000081c00000, 0x0000000100000000)
  region size 1024K, 2 young (2048K), 2 survivors (2048K)
 Metaspace       used 2979K, committed 3136K, reserved 1056768K
  class space    used 281K, committed 384K, reserved 1048576K
}
Event: 3.269 GC heap before
{Heap before GC invocations=8 (full 0):
 garbage-first heap   total 225280K, used 85465K [0x0000000081c00000, 0x0000000100000000)
  region size 1024K, 2 young (2048K), 2 survivors (2048K)
 Metaspace       used 2979K, committed 3136K, reserved 1056768K
  class space    used 281K, committed 384K, reserved 1048576K
}
Event: 3.280 GC heap after
{Heap after GC invocations=9 (full 0):
 garbage-first heap   total 450560K, used 85508K [0x0000000081c00000, 0x0000000100000000)
  region size 1024K, 2 young (2048K), 2 survivors (2048K)
 Metaspace       used 2979K, committed 3136K, reserved 1056768K
  class space    used 281K, committed 384K, reserved 1048576K
}
Event: 3.380 GC heap before
{Heap before GC invocations=9 (full 0):
 garbage-first heap   total 450560K, used 127492K [0x0000000081c00000, 0x0000000100000000)
  region size 1024K, 3 young (3072K), 2 survivors (2048K)
 Metaspace       used 2979K, committed 3136K, reserved 1056768K
  class space    used 281K, committed 384K, reserved 1048576K
}
Event: 3.425 GC heap after
{Heap after GC invocations=10 (full 0):
 garbage-first heap   total 450560K, used 127373K [0x0000000081c00000, 0x0000000100000000)
  region size 1024K, 2 young (2048K), 2 survivors (2048K)
 Metaspace       used 2979K, committed 3136K, reserved 1056768K
  class space    used 281K, committed 384K, reserved 1048576K
}
Event: 3.718 GC heap before
{Heap before GC invocations=10 (full 0):
 garbage-first heap   total 450560K, used 210317K [0x0000000081c00000, 0x0000000100000000)
  region size 1024K, 3 young (3072K), 2 survivors (2048K)
 Metaspace       used 2979K, committed 3136K, reserved 1056768K
  class space    used 281K, committed 384K, reserved 1048576K
}
Event: 3.722 GC heap after
{Heap after GC invocations=11 (full 0):
 garbage-first heap   total 450560K, used 126399K [0x0000000081c00000, 0x0000000100000000)
  region size 1024K, 2 young (2048K), 2 survivors (2048K)
 Metaspace       used 2979K, committed 3136K, reserved 1056768K
  class space    used 281K, committed 384K, reserved 1048576K
}
Event: 3.886 GC heap before
{Heap before GC invocations=11 (full 0):
 garbage-first heap   total 450560K, used 209343K [0x0000000081c00000, 0x0000000100000000)
  region size 1024K, 3 young (3072K), 2 survivors (2048K)
 Metaspace       used 2979K, committed 3136K, reserved 1056768K
  class space    used 281K, committed 384K, reserved 1048576K
}
Event: 3.891 GC heap after
{Heap after GC invocations=12 (full 0):
 garbage-first heap   total 450560K, used 84399K [0x0000000081c00000, 0x0000000100000000)
  region size 1024K, 2 young (2048K), 2 survivors (2048K)
 Metaspace       used 2979K, committed 3136K, reserved 1056768K
  class space    used 281K, committed 384K, reserved 1048576K
}
Event: 4.224 GC heap before
{Heap before GC invocations=12 (full 0):
 garbage-first heap   total 450560K, used 167343K [0x0000000081c00000, 0x0000000100000000)
  region size 1024K, 2 young (2048K), 2 survivors (2048K)
 Metaspace       used 2979K, committed 3136K, reserved 1056768K
  class space    used 281K, committed 384K, reserved 1048576K
}
Event: 4.227 GC heap after
{Heap after GC invocations=13 (full 0):
 garbage-first heap   total 450560K, used 167352K [0x0000000081c00000, 0x0000000100000000)
  region size 1024K, 2 young (2048K), 2 survivors (2048K)
 Metaspace       used 2979K, committed 3136K, reserved 1056768K
  class space    used 281K, committed 384K, reserved 1048576K
}
Event: 4.923 GC heap before
{Heap before GC invocations=13 (full 0):
 garbage-first heap   total 450560K, used 250296K [0x0000000081c00000, 0x0000000100000000)
  region size 1024K, 3 young (3072K), 2 survivors (2048K)
 Metaspace       used 2979K, committed 3136K, reserved 1056768K
  class space    used 281K, committed 384K, reserved 1048576K
}
Event: 4.929 GC heap after
{Heap after GC invocations=14 (full 0):
 garbage-first heap   total 450560K, used 250277K [0x0000000081c00000, 0x0000000100000000)
  region size 1024K, 2 young (2048K), 2 survivors (2048K)
 Metaspace       used 2979K, committed 3136K, reserved 1056768K
  class space    used 281K, committed 384K, reserved 1048576K
}

