# JRE version: OpenJDK Runtime Environment Temurin-17.0.2+8 (17.0.2+8) (build 17.0.2+8)
# Java VM: OpenJDK 64-Bit Server VM Temurin-17.0.2+8 (17.0.2+8, mixed mode, sharing, tiered, compressed oops, compressed class ptrs, g1 gc, windows-amd64)
GC Precious Log:
 CPUs: 8 total, 8 available
 Memory: 8078M
 Large Page Support: Disabled
 NUMA Support: Disabled
 Compressed Oops: Enabled (32-bit)
 Heap Region Size: 1M
 Heap Min Capacity: 8M
 Heap Initial Capacity: 128M
 Heap Max Capacity: 2020M
 Pre-touch: Disabled
 Parallel Workers: 8
 Concurrent Workers: 2
 Concurrent Refinement Workers: 8
 Periodic GC: Disabled
Heap:
 garbage-first heap   total 551936K, used 250810K [0x0000000081c00000, 0x0000000100000000)
  region size 1024K, 3 young (3072K), 2 survivors (2048K)
 Metaspace       used 2993K, committed 3136K, reserved 1056768K
  class space    used 281K, committed 384K, reserved 1048576K
GC Heap History (20 events):
Event: 2.801 GC heap before
{Heap before GC invocations=2 (full 0):
 garbage-first heap   total 131072K, used 56846K [0x0000000081c00000, 0x0000000100000000)
  region size 1024K, 3 young (3072K), 2 survivors (2048K)
 Metaspace       used 2993K, committed 3136K, reserved 1056768K
  class space    used 281K, committed 384K, reserved 1048576K
}
Event: 2.807 GC heap after
{Heap after GC invocations=3 (full 0):
 garbage-first heap   total 131072K, used 34236K [0x0000000081c00000, 0x0000000100000000)
  region size 1024K, 2 young (2048K), 2 survivors (2048K)
 Metaspace       used 2993K, committed 3136K, reserved 1056768K
  class space    used 281K, committed 384K, reserved 1048576K
}
Event: 2.877 GC heap before
{Heap before GC invocations=3 (full 0):
 garbage-first heap   total 131072K, used 55740K [0x0000000081c00000, 0x0000000100000000)
  region size 1024K, 3 young (3072K), 2 survivors (2048K)
 Metaspace       used 2993K, committed 3136K, reserved 1056768K
  class space    used 281K, committed 384K, reserved 1048576K
}
Event: 2.883 GC heap after
{Heap after GC invocations=4 (full 0):
 garbage-first heap   total 131072K, used 22974K [0x0000000081c00000, 0x0000000100000000)
  region size 1024K, 2 young (2048K), 2 survivors (2048K)
 Metaspace       used 2993K, committed 3136K, reserved 1056768K
  class space    used 281K, committed 384K, reserved 1048576K
}
Event: 2.920 GC heap before
{Heap before GC invocations=4 (full 0):
 garbage-first heap   total 131072K, used 44478K [0x0000000081c00000, 0x0000000100000000)
  region size 1024K, 2 young (2048K), 2 survivors (2048K)
 Metaspace       used 2993K, committed 3136K, reserved 1056768K
  class space    used 281K, committed 384K, reserved 1048576K
}
Event: 2.926 GC heap after
{Heap after GC invocations=5 (full 0):
 garbage-first heap   total 131072K, used 44478K [0x0000000081c00000, 0x0000000100000000)
  region size 1024K, 2 young (2048K), 2 survivors (2048K)
 Metaspace       used 2993K, committed 3136K, reserved 1056768K
  class space    used 281K, committed 384K, reserved 1048576K
}
Event: 2.943 GC heap before
{Heap before GC invocations=5 (full 0):
 garbage-first heap   total 131072K, used 65982K [0x0000000081c00000, 0x0000000100000000)
  region size 1024K, 3 young (3072K), 2 survivors (2048K)
 Metaspace       used 2993K, committed 3136K, reserved 1056768K
  class space    used 281K, committed 384K, reserved 1048576K
}
Event: 2.951 GC heap after
{Heap after GC invocations=6 (full 0):
 garbage-first heap   total 262144K, used 65970K [0x0000000081c00000, 0x0000000100000000)
  region size 1024K, 2 young (2048K), 2 survivors (2048K)
 Metaspace       used 2993K, committed 3136K, reserved 1056768K
  class space    used 281K, committed 384K, reserved 1048576K
}
Event: 3.264 GC heap before
{Heap before GC invocations=6 (full 0):
 garbage-first heap   total 262144K, used 107954K [0x0000000081c00000, 0x0000000100000000)
  region size 1024K, 3 young (3072K), 2 survivors (2048K)
 Metaspace       used 2993K, committed 3136K, reserved 1056768K
  class space    used 281K, committed 384K, reserved 1048576K
}
Event: 3.268 GC heap after
{Heap after GC invocations=7 (full 0):
 garbage-first heap   total 262144K, used 64955K [0x0000000081c00000, 0x0000000100000000)
  region size 1024K, 2 young (2048K), 2 survivors (2048K)
 Metaspace       used 2993K, committed 3136K, reserved 1056768K
  class space    used 281K, committed 384K, reserved 1048576K
}
Event: 3.373 GC heap before
{Heap before GC invocations=7 (full 0):
 garbage-first heap   total 262144K, used 106939K [0x0000000081c00000, 0x0000000100000000)
  region size 1024K, 3 young (3072K), 2 survivors (2048K)
 Metaspace       used 2993K, committed 3136K, reserved 1056768K
  class space    used 281K, committed 384K, reserved 1048576K
}
Event: 3.378 GC heap after
{Heap after GC invocations=8 (full 0):
 garbage-first heap   total 262144K, used 43484K [0x0000000081c00000, 0x0000000100000000)
  region size 1024K, 2 young (2048K), 2 survivors (2048K)
 Metaspace       used 2993K, committed 3136K, reserved 1056768K
  class space    used 281K, committed 384K, reserved 1048576K
}
Event: 3.452 GC heap before
{Heap before GC invocations=8 (full 0):
 garbage-first heap   total 262144K, used 85468K [0x0000000081c00000, 0x0000000100000000)
  region size 1024K, 2 young (2048K), 2 survivors (2048K)
 Metaspace       used 2993K, committed 3136K, reserved 1056768K
  class space    used 281K, committed 384K, reserved 1048576K
}
Event: 3.456 GC heap after
{Heap after GC invocations=9 (full 0):
 garbage-first heap   total 262144K, used 85424K [0x0000000081c00000, 0x0000000100000000)
  region size 1024K, 2 young (2048K), 2 survivors (2048K)
 Metaspace       used 2993K, committed 3136K, reserved 1056768K
  class space    used 281K, committed 384K, reserved 1048576K
}
Event: 3.547 GC heap before
{Heap before GC invocations=9 (full 0):
 garbage-first heap   total 262144K, used 127408K [0x0000000081c00000, 0x0000000100000000)
  region size 1024K, 3 young (3072K), 2 survivors (2048K)
 Metaspace       used 2993K, committed 3136K, reserved 1056768K
  class space    used 281K, committed 384K, reserved 1048576K
}
Event: 3.551 GC heap after
{Heap after GC invocations=10 (full 0):
 garbage-first heap   total 262144K, used 127367K [0x0000000081c00000, 0x0000000100000000)
  region size 1024K, 2 young (2048K), 2 survivors (2048K)
 Metaspace       used 2993K, committed 3136K, reserved 1056768K
  class space    used 281K, committed 384K, reserved 1048576K
}
Event: 4.622 GC heap before
{Heap before GC invocations=11 (full 0):
 garbage-first heap   total 352256K, used 293255K [0x0000000081c00000, 0x0000000100000000)
  region size 1024K, 3 young (3072K), 2 survivors (2048K)
 Metaspace       used 2993K, committed 3136K, reserved 1056768K
  class space    used 281K, committed 384K, reserved 1048576K
}
Event: 4.637 GC heap after
{Heap after GC invocations=12 (full 0):
 garbage-first heap   total 352256K, used 84379K [0x0000000081c00000, 0x0000000100000000)
  region size 1024K, 2 young (2048K), 2 survivors (2048K)
 Metaspace       used 2993K, committed 3136K, reserved 1056768K
  class space    used 281K, committed 384K, reserved 1048576K
}
Event: 4.730 GC heap before
{Heap before GC invocations=12 (full 0):
 garbage-first heap   total 352256K, used 167323K [0x0000000081c00000, 0x0000000100000000)
  region size 1024K, 2 young (2048K), 2 survivors (2048K)
 Metaspace       used 2993K, committed 3136K, reserved 1056768K
  class space    used 281K, committed 384K, reserved 1048576K
}
Event: 4.754 GC heap after
{Heap after GC invocations=13 (full 0):
 garbage-first heap   total 352256K, used 167354K [0x0000000081c00000, 0x0000000100000000)
  region size 1024K, 2 young (2048K), 2 survivors (2048K)
 Metaspace       used 2993K, committed 3136K, reserved 1056768K
  class space    used 281K, committed 384K, reserved 1048576K
}

