# JRE version: OpenJDK Runtime Environment Temurin-17.0.2+8 (17.0.2+8) (build 17.0.2+8)
# Java VM: OpenJDK 64-Bit Server VM Temurin-17.0.2+8 (17.0.2+8, mixed mode, sharing, tiered, compressed oops, compressed class ptrs, g1 gc, windows-amd64)
GC Precious Log:
 CPUs: 8 total, 8 available
 Memory: 8078M
 Large Page Support: Disabled
 NUMA Support: Disabled
 Compressed Oops: Enabled (32-bit)
 Heap Region Size: 1M
 Heap Min Capacity: 8M
 Heap Initial Capacity: 128M
 Heap Max Capacity: 2020M
 Pre-touch: Disabled
 Parallel Workers: 8
 Concurrent Workers: 2
 Concurrent Refinement Workers: 8
 Periodic GC: Disabled
Heap:
 garbage-first heap   total 533504K, used 250804K [0x0000000081c00000, 0x0000000100000000)
  region size 1024K, 3 young (3072K), 2 survivors (2048K)
 Metaspace       used 2987K, committed 3136K, reserved 1056768K
  class space    used 281K, committed 384K, reserved 1048576K
GC Heap History (20 events):
Event: 3.119 GC heap before
{Heap before GC invocations=2 (full 0):
 garbage-first heap   total 131072K, used 56753K [0x0000000081c00000, 0x0000000100000000)
  region size 1024K, 3 young (3072K), 2 survivors (2048K)
 Metaspace       used 2987K, committed 3136K, reserved 1056768K
  class space    used 281K, committed 384K, reserved 1048576K
}
Event: 3.125 GC heap after
{Heap after GC invocations=3 (full 0):
 garbage-first heap   total 131072K, used 34228K [0x0000000081c00000, 0x0000000100000000)
  region size 1024K, 2 young (2048K), 2 survivors (2048K)
 Metaspace       used 2987K, committed 3136K, reserved 1056768K
  class space    used 281K, committed 384K, reserved 1048576K
}
Event: 3.152 GC heap before
{Heap before GC invocations=3 (full 0):
 garbage-first heap   total 131072K, used 55732K [0x0000000081c00000, 0x0000000100000000)
  region size 1024K, 3 young (3072K), 2 survivors (2048K)
 Metaspace       used 2987K, committed 3136K, reserved 1056768K
  class space    used 281K, committed 384K, reserved 1048576K
}
Event: 3.157 GC heap after
{Heap after GC invocations=4 (full 0):
 garbage-first heap   total 131072K, used 22878K [0x0000000081c00000, 0x0000000100000000)
  region size 1024K, 2 young (2048K), 2 survivors (2048K)
 Metaspace       used 2987K, committed 3136K, reserved 1056768K
  class space    used 281K, committed 384K, reserved 1048576K
}
Event: 3.196 GC heap before
{Heap before GC invocations=4 (full 0):
 garbage-first heap   total 131072K, used 44382K [0x0000000081c00000, 0x0000000100000000)
  region size 1024K, 2 young (2048K), 2 survivors (2048K)
 Metaspace       used 2987K, committed 3136K, reserved 1056768K
  class space    used 281K, committed 384K, reserved 1048576K
}
Event: 3.203 GC heap after
{Heap after GC invocations=5 (full 0):
 garbage-first heap   total 131072K, used 44476K [0x0000000081c00000, 0x0000000100000000)
  region size 1024K, 2 young (2048K), 2 survivors (2048K)
 Metaspace       used 2987K, committed 3136K, reserved 1056768K
  class space    used 281K, committed 384K, reserved 1048576K
}
Event: 3.219 GC heap before
{Heap before GC invocations=5 (full 0):
 garbage-first heap   total 131072K, used 65980K [0x0000000081c00000, 0x0000000100000000)
  region size 1024K, 3 young (3072K), 2 survivors (2048K)
 Metaspace       used 2987K, committed 3136K, reserved 1056768K
  class space    used 281K, committed 384K, reserved 1048576K
}
Event: 3.232 GC heap after
{Heap after GC invocations=6 (full 0):
 garbage-first heap   total 262144K, used 65982K [0x0000000081c00000, 0x0000000100000000)
  region size 1024K, 2 young (2048K), 2 survivors (2048K)
 Metaspace       used 2987K, committed 3136K, reserved 1056768K
  class space    used 281K, committed 384K, reserved 1048576K
}
Event: 3.455 GC heap before
{Heap before GC invocations=6 (full 0):
 garbage-first heap   total 262144K, used 107966K [0x0000000081c00000, 0x0000000100000000)
  region size 1024K, 3 young (3072K), 2 survivors (2048K)
 Metaspace       used 2987K, committed 3136K, reserved 1056768K
  class space    used 281K, committed 384K, reserved 1048576K
}
Event: 3.459 GC heap after
{Heap after GC invocations=7 (full 0):
 garbage-first heap   total 262144K, used 65003K [0x0000000081c00000, 0x0000000100000000)
  region size 1024K, 2 young (2048K), 2 survivors (2048K)
 Metaspace       used 2987K, committed 3136K, reserved 1056768K
  class space    used 281K, committed 384K, reserved 1048576K
}
Event: 3.550 GC heap before
{Heap before GC invocations=7 (full 0):
 garbage-first heap   total 262144K, used 106987K [0x0000000081c00000, 0x0000000100000000)
  region size 1024K, 3 young (3072K), 2 survivors (2048K)
 Metaspace       used 2987K, committed 3136K, reserved 1056768K
  class space    used 281K, committed 384K, reserved 1048576K
}
Event: 3.554 GC heap after
{Heap after GC invocations=8 (full 0):
 garbage-first heap   total 262144K, used 43432K [0x0000000081c00000, 0x0000000100000000)
  region size 1024K, 2 young (2048K), 2 survivors (2048K)
 Metaspace       used 2987K, committed 3136K, reserved 1056768K
  class space    used 281K, committed 384K, reserved 1048576K
}
Event: 3.638 GC heap before
{Heap before GC invocations=8 (full 0):
 garbage-first heap   total 262144K, used 85416K [0x0000000081c00000, 0x0000000100000000)
  region size 1024K, 2 young (2048K), 2 survivors (2048K)
 Metaspace       used 2987K, committed 3136K, reserved 1056768K
  class space    used 281K, committed 384K, reserved 1048576K
}
Event: 3.642 GC heap after
{Heap after GC invocations=9 (full 0):
 garbage-first heap   total 262144K, used 85418K [0x0000000081c00000, 0x0000000100000000)
  region size 1024K, 2 young (2048K), 2 survivors (2048K)
 Metaspace       used 2987K, committed 3136K, reserved 1056768K
  class space    used 281K, committed 384K, reserved 1048576K
}
Event: 3.756 GC heap before
{Heap before GC invocations=9 (full 0):
 garbage-first heap   total 262144K, used 127402K [0x0000000081c00000, 0x0000000100000000)
  region size 1024K, 3 young (3072K), 2 survivors (2048K)
 Metaspace       used 2987K, committed 3136K, reserved 1056768K
  class space    used 281K, committed 384K, reserved 1048576K
}
Event: 3.761 GC heap after
{Heap after GC invocations=10 (full 0):
 garbage-first heap   total 262144K, used 127395K [0x0000000081c00000, 0x0000000100000000)
  region size 1024K, 2 young (2048K), 2 survivors (2048K)
 Metaspace       used 2987K, committed 3136K, reserved 1056768K
  class space    used 281K, committed 384K, reserved 1048576K
}
Event: 4.958 GC heap before
{Heap before GC invocations=11 (full 0):
 garbage-first heap   total 352256K, used 293283K [0x0000000081c00000, 0x0000000100000000)
  region size 1024K, 3 young (3072K), 2 survivors (2048K)
 Metaspace       used 2987K, committed 3136K, reserved 1056768K
  class space    used 281K, committed 384K, reserved 1048576K
}
Event: 5.009 GC heap after
{Heap after GC invocations=12 (full 0):
 garbage-first heap   total 352256K, used 84410K [0x0000000081c00000, 0x0000000100000000)
  region size 1024K, 2 young (2048K), 2 survivors (2048K)
 Metaspace       used 2987K, committed 3136K, reserved 1056768K
  class space    used 281K, committed 384K, reserved 1048576K
}
Event: 5.081 GC heap before
{Heap before GC invocations=12 (full 0):
 garbage-first heap   total 352256K, used 167354K [0x0000000081c00000, 0x0000000100000000)
  region size 1024K, 2 young (2048K), 2 survivors (2048K)
 Metaspace       used 2987K, committed 3136K, reserved 1056768K
  class space    used 281K, committed 384K, reserved 1048576K
}
Event: 5.102 GC heap after
{Heap after GC invocations=13 (full 0):
 garbage-first heap   total 352256K, used 167348K [0x0000000081c00000, 0x0000000100000000)
  region size 1024K, 2 young (2048K), 2 survivors (2048K)
 Metaspace       used 2987K, committed 3136K, reserved 1056768K
  class space    used 281K, committed 384K, reserved 1048576K
}

